2024-06-07 14:52:02,519 - INFO - Game finished successfully for 1717764721xwcu6t@bajerergodt.com
2024-06-07 14:55:11,076 - INFO - Game finished successfully for 1717764909ueouyh@bajerergodt.com
2024-06-07 15:05:57,304 - INFO - Game finished successfully for 17177655561i4cu3@bajerergodt.com
2024-06-07 15:07:32,145 - INFO - Game finished successfully for 17177656511708hn@bajerergodt.com
2024-06-07 15:08:27,448 - INFO - Game finished successfully for 17177657067gmeem@bajerergodt.com
2024-06-07 15:08:27,449 - INFO - Email 17177657067gmeem@bajerergodt.com won: 8 stk. Chili Cheese til 20kr
2024-06-07 15:13:59,402 - INFO - Starting a new session...
2024-06-07 15:14:26,461 - INFO - Game finished successfully for 1717766065cbdekf@bajerergodt.com with prize Gratis Whopper
2024-06-07 15:14:26,478 - INFO - Email 1717766065cbdekf@bajerergodt.com won: Gratis Whopper
2024-06-07 15:14:26,484 - INFO - Waiting for 179 seconds before sending request
2024-06-07 15:15:06,532 - INFO - Starting a new session...
2024-06-07 15:15:13,006 - INFO - Game finished successfully for 1717766112flkz2b@bajerergodt.com with prize None
2024-06-07 15:15:13,006 - INFO - Email 1717766112flkz2b@bajerergodt.com did not win.
2024-06-07 15:15:13,007 - INFO - Waiting for 121 seconds before sending request
2024-06-07 15:17:14,009 - INFO - Starting a new session...
2024-06-07 15:17:36,057 - INFO - Game finished successfully for 1717766255kvrdem@bajerergodt.com with prize Cheeseburger til 10kr
2024-06-07 15:17:36,059 - INFO - Email 1717766255kvrdem@bajerergodt.com won: Cheeseburger til 10kr
2024-06-07 15:17:36,064 - INFO - Waiting for 75 seconds before sending request
2024-06-07 15:18:51,066 - INFO - Starting a new session...
2024-06-07 15:18:57,949 - INFO - Game finished successfully for 1717766337e09vb8@bajerergodt.com with prize King Fusion Daim til 15 kr
2024-06-07 15:18:57,949 - INFO - Email 1717766337e09vb8@bajerergodt.com won: King Fusion Daim til 15 kr
2024-06-07 15:18:57,951 - INFO - Waiting for 93 seconds before sending request
2024-06-07 15:20:30,952 - INFO - Starting a new session...
2024-06-07 15:20:58,054 - INFO - Game finished successfully for 1717766457hwwf2w@bajerergodt.com with prize None
2024-06-07 15:20:58,054 - INFO - Email 1717766457hwwf2w@bajerergodt.com did not win.
2024-06-07 15:20:58,060 - INFO - Waiting for 72 seconds before sending request
2024-06-07 15:22:10,060 - INFO - Starting a new session...
2024-06-07 15:22:21,934 - INFO - Game finished successfully for 1717766541pfsz4j@bajerergodt.com with prize King Fusion Daim til 15 kr
2024-06-07 15:22:21,934 - INFO - Email 1717766541pfsz4j@bajerergodt.com won: King Fusion Daim til 15 kr
2024-06-07 15:22:21,936 - INFO - Waiting for 126 seconds before sending request
2024-06-07 15:24:27,937 - INFO - Starting a new session...
2024-06-07 15:24:49,915 - INFO - Game finished successfully for 17177666893sri9c@bajerergodt.com with prize None
2024-06-07 15:24:49,915 - INFO - Email 17177666893sri9c@bajerergodt.com did not win.
2024-06-07 15:24:49,916 - INFO - Waiting for 80 seconds before sending request
2024-06-07 15:26:09,917 - INFO - Starting a new session...
2024-06-07 15:26:26,853 - INFO - Game finished successfully for 17177667860vgpb2@bajerergodt.com with prize None
2024-06-07 15:26:26,854 - INFO - Email 17177667860vgpb2@bajerergodt.com did not win.
2024-06-07 15:26:26,857 - INFO - Waiting for 173 seconds before sending request
2024-06-07 15:29:19,858 - INFO - Starting a new session...
2024-06-07 15:29:26,576 - INFO - Game finished successfully for 17177669651mam1p@bajerergodt.com with prize None
2024-06-07 15:29:26,576 - INFO - Email 17177669651mam1p@bajerergodt.com did not win.
2024-06-07 15:29:26,578 - INFO - Waiting for 89 seconds before sending request
2024-06-07 15:30:55,578 - INFO - Starting a new session...
2024-06-07 15:31:02,590 - INFO - Game finished successfully for 1717767061wrspkv@bajerergodt.com with prize 8 stk. Chili Cheese til 20kr
2024-06-07 15:31:02,592 - INFO - Email 1717767061wrspkv@bajerergodt.com won: 8 stk. Chili Cheese til 20kr
2024-06-07 15:31:02,598 - INFO - Waiting for 160 seconds before sending request
2024-06-07 15:33:42,600 - INFO - Starting a new session...
2024-06-07 15:33:49,318 - INFO - Game finished successfully for 1717767228giiv3g@bajerergodt.com with prize Stor King Fries til 10kr
2024-06-07 15:33:49,318 - INFO - Email 1717767228giiv3g@bajerergodt.com won: Stor King Fries til 10kr
2024-06-07 15:33:49,320 - INFO - Waiting for 158 seconds before sending request
2024-06-07 15:36:27,321 - INFO - Starting a new session...
2024-06-07 15:37:09,979 - INFO - Game finished successfully for 1717767429dpd9d9@bajerergodt.com with prize None
2024-06-07 15:37:09,979 - INFO - Email 1717767429dpd9d9@bajerergodt.com did not win.
2024-06-07 15:37:09,981 - INFO - Waiting for 69 seconds before sending request
2024-06-07 15:38:18,982 - INFO - Starting a new session...
2024-06-07 15:39:27,360 - INFO - Game finished successfully for 1717767566j4l85p@bajerergodt.com with prize None
2024-06-07 15:39:27,361 - INFO - Email 1717767566j4l85p@bajerergodt.com did not win.
2024-06-07 15:39:27,366 - INFO - Waiting for 158 seconds before sending request
2024-06-07 15:42:05,367 - INFO - Starting a new session...
2024-06-07 15:42:47,827 - INFO - Game finished successfully for 1717767767drgd6y@bajerergodt.com with prize None
2024-06-07 15:42:47,828 - INFO - Email 1717767767drgd6y@bajerergodt.com did not win.
2024-06-07 15:42:47,833 - INFO - Waiting for 179 seconds before sending request
2024-06-07 15:45:46,834 - INFO - Starting a new session...
2024-06-07 15:46:14,037 - INFO - Game finished successfully for 1717767973vnl8is@bajerergodt.com with prize Cheeseburger til 10kr
2024-06-07 15:46:14,038 - INFO - Email 1717767973vnl8is@bajerergodt.com won: Cheeseburger til 10kr
2024-06-07 15:46:14,039 - INFO - Waiting for 80 seconds before sending request
2024-06-07 15:47:34,040 - INFO - Starting a new session...
2024-06-07 15:47:40,723 - INFO - Game finished successfully for 17177680599jgb4d@bajerergodt.com with prize None
2024-06-07 15:47:40,724 - INFO - Email 17177680599jgb4d@bajerergodt.com did not win.
2024-06-07 15:47:40,729 - INFO - Waiting for 144 seconds before sending request
2024-06-07 15:50:04,730 - INFO - Starting a new session...
2024-06-07 15:50:21,559 - INFO - Game finished successfully for 1717768220lyr1a0@bajerergodt.com with prize None
2024-06-07 15:50:21,559 - INFO - Email 1717768220lyr1a0@bajerergodt.com did not win.
2024-06-07 15:50:21,561 - INFO - Waiting for 167 seconds before sending request
2024-06-07 15:53:08,562 - INFO - Starting a new session...
2024-06-07 15:53:40,853 - INFO - Game finished successfully for 171776842040kcd4@bajerergodt.com with prize None
2024-06-07 15:53:40,854 - INFO - Email 171776842040kcd4@bajerergodt.com did not win.
2024-06-07 15:53:40,859 - INFO - Waiting for 166 seconds before sending request
2024-06-07 15:56:26,861 - INFO - Starting a new session...
2024-06-07 15:57:09,464 - INFO - Game finished successfully for 1717768628u4i1m1@bajerergodt.com with prize Gratis Whopper
2024-06-07 15:57:09,467 - INFO - Email 1717768628u4i1m1@bajerergodt.com won: Gratis Whopper
2024-06-07 15:57:09,472 - INFO - Waiting for 78 seconds before sending request
2024-06-07 15:58:27,473 - INFO - Starting a new session...
2024-06-07 15:58:34,200 - INFO - Game finished successfully for 1717768713jsc8x5@bajerergodt.com with prize None
2024-06-07 15:58:34,200 - INFO - Email 1717768713jsc8x5@bajerergodt.com did not win.
2024-06-07 15:58:34,202 - INFO - Waiting for 126 seconds before sending request
2024-06-07 16:00:40,202 - INFO - Starting a new session...
2024-06-07 16:01:38,011 - INFO - Game finished successfully for 1717768897t6020l@bajerergodt.com with prize Cheeseburger til 10kr
2024-06-07 16:01:38,011 - INFO - Email 1717768897t6020l@bajerergodt.com won: Cheeseburger til 10kr
2024-06-07 16:01:38,013 - INFO - Waiting for 68 seconds before sending request
2024-06-07 16:02:46,014 - INFO - Starting a new session...
2024-06-07 16:02:52,703 - INFO - Game finished successfully for 17177689729bwwq2@bajerergodt.com with prize None
2024-06-07 16:02:52,703 - INFO - Email 17177689729bwwq2@bajerergodt.com did not win.
2024-06-07 16:02:52,704 - INFO - Waiting for 65 seconds before sending request
2024-06-07 16:03:57,705 - INFO - Starting a new session...
2024-06-07 16:04:04,697 - INFO - Game finished successfully for 1717769043ubbhm0@bajerergodt.com with prize Stor King Fries til 10kr
2024-06-07 16:04:04,698 - INFO - Email 1717769043ubbhm0@bajerergodt.com won: Stor King Fries til 10kr
2024-06-07 16:04:04,699 - INFO - Waiting for 93 seconds before sending request
2024-06-07 16:05:37,700 - INFO - Starting a new session...
2024-06-07 16:05:44,493 - INFO - Game finished successfully for 1717769143h3agwr@bajerergodt.com with prize None
2024-06-07 16:05:44,493 - INFO - Email 1717769143h3agwr@bajerergodt.com did not win.
2024-06-07 16:05:44,495 - INFO - Waiting for 88 seconds before sending request
2024-06-07 16:07:12,496 - INFO - Starting a new session...
2024-06-07 16:07:34,470 - INFO - Game finished successfully for 171776925307q7sm@bajerergodt.com with prize None
2024-06-07 16:07:34,470 - INFO - Email 171776925307q7sm@bajerergodt.com did not win.
2024-06-07 16:07:34,473 - INFO - Waiting for 159 seconds before sending request
2024-06-07 16:10:13,474 - INFO - Starting a new session...
2024-06-07 16:10:20,114 - INFO - Game finished successfully for 1717769419of6efl@bajerergodt.com with prize None
2024-06-07 16:10:20,114 - INFO - Email 1717769419of6efl@bajerergodt.com did not win.
2024-06-07 16:10:20,115 - INFO - Waiting for 90 seconds before sending request
2024-06-07 16:11:50,116 - INFO - Starting a new session...
2024-06-07 16:12:47,842 - INFO - Game finished successfully for 1717769567huclkf@bajerergodt.com with prize None
2024-06-07 16:12:47,843 - INFO - Email 1717769567huclkf@bajerergodt.com did not win.
2024-06-07 16:12:47,846 - INFO - Waiting for 111 seconds before sending request
2024-06-07 16:14:38,847 - INFO - Starting a new session...
2024-06-07 16:14:45,600 - INFO - Game finished successfully for 1717769684fa9bwb@bajerergodt.com with prize None
2024-06-07 16:14:45,601 - INFO - Email 1717769684fa9bwb@bajerergodt.com did not win.
2024-06-07 16:14:45,602 - INFO - Waiting for 96 seconds before sending request
2024-06-07 16:16:21,604 - INFO - Starting a new session...
2024-06-07 16:16:48,753 - INFO - Game finished successfully for 1717769807fcyec0@bajerergodt.com with prize None
2024-06-07 16:16:48,753 - INFO - Email 1717769807fcyec0@bajerergodt.com did not win.
2024-06-07 16:16:48,755 - INFO - Waiting for 139 seconds before sending request
2024-06-07 16:19:07,755 - INFO - Starting a new session...
2024-06-07 16:19:55,366 - INFO - Game finished successfully for 17177699949mqfx5@bajerergodt.com with prize Cheeseburger til 10kr
2024-06-07 16:19:55,367 - INFO - Email 17177699949mqfx5@bajerergodt.com won: Cheeseburger til 10kr
2024-06-07 16:19:55,368 - INFO - Waiting for 71 seconds before sending request
2024-06-07 16:21:06,370 - INFO - Starting a new session...
2024-06-07 16:21:33,725 - INFO - Game finished successfully for 1717770092siwhaf@bajerergodt.com with prize King Fusion Daim til 15 kr
2024-06-07 16:21:33,727 - INFO - Email 1717770092siwhaf@bajerergodt.com won: King Fusion Daim til 15 kr
2024-06-07 16:21:33,732 - INFO - Waiting for 116 seconds before sending request
2024-06-07 16:23:29,733 - INFO - Starting a new session...
2024-06-07 16:23:57,019 - INFO - Game finished successfully for 1717770236fksw0n@bajerergodt.com with prize King Fusion Daim til 15 kr
2024-06-07 16:23:57,021 - INFO - Email 1717770236fksw0n@bajerergodt.com won: King Fusion Daim til 15 kr
2024-06-07 16:23:57,026 - INFO - Waiting for 104 seconds before sending request
2024-06-07 16:25:41,027 - INFO - Starting a new session...
2024-06-07 16:25:47,975 - INFO - Game finished successfully for 17177703474mvsok@bajerergodt.com with prize None
2024-06-07 16:25:47,975 - INFO - Email 17177703474mvsok@bajerergodt.com did not win.
2024-06-07 16:25:47,977 - INFO - Waiting for 116 seconds before sending request
2024-06-07 16:27:43,979 - INFO - Starting a new session...
2024-06-07 16:28:26,242 - INFO - Game finished successfully for 1717770505kb5wzf@bajerergodt.com with prize None
2024-06-07 16:28:26,242 - INFO - Email 1717770505kb5wzf@bajerergodt.com did not win.
2024-06-07 16:28:26,244 - INFO - Waiting for 140 seconds before sending request
2024-06-07 16:30:46,245 - INFO - Starting a new session...
2024-06-07 16:31:18,770 - INFO - Game finished successfully for 1717770677aqqwx6@bajerergodt.com with prize 8 stk. Chili Cheese til 20kr
2024-06-07 16:31:18,771 - INFO - Email 1717770677aqqwx6@bajerergodt.com won: 8 stk. Chili Cheese til 20kr
2024-06-07 16:31:18,777 - INFO - Waiting for 114 seconds before sending request
2024-06-07 16:33:12,778 - INFO - Starting a new session...
2024-06-07 16:33:55,220 - INFO - Game finished successfully for 1717770834p6jh26@bajerergodt.com with prize None
2024-06-07 16:33:55,221 - INFO - Email 1717770834p6jh26@bajerergodt.com did not win.
2024-06-07 16:33:55,222 - INFO - Waiting for 165 seconds before sending request
2024-06-07 16:36:40,223 - INFO - Starting a new session...
2024-06-07 16:37:07,264 - INFO - Game finished successfully for 1717771026lju5tf@bajerergodt.com with prize None
2024-06-07 16:37:07,264 - INFO - Email 1717771026lju5tf@bajerergodt.com did not win.
2024-06-07 16:37:07,265 - INFO - Waiting for 119 seconds before sending request
2024-06-07 16:39:06,266 - INFO - Starting a new session...
2024-06-07 16:39:43,452 - INFO - Game finished successfully for 171777118253n5ku@bajerergodt.com with prize None
2024-06-07 16:39:43,452 - INFO - Email 171777118253n5ku@bajerergodt.com did not win.
2024-06-07 16:39:43,453 - INFO - Waiting for 109 seconds before sending request
2024-06-07 16:41:32,454 - INFO - Starting a new session...
2024-06-07 16:42:15,142 - INFO - Game finished successfully for 1717771334gsz4kw@bajerergodt.com with prize Stor sodavand til 10kr
2024-06-07 16:42:15,142 - INFO - Email 1717771334gsz4kw@bajerergodt.com won: Stor sodavand til 10kr
2024-06-07 16:42:15,144 - INFO - Waiting for 80 seconds before sending request
2024-06-07 16:43:35,145 - INFO - Starting a new session...
2024-06-07 16:44:12,458 - INFO - Game finished successfully for 1717771451xfeh2y@bajerergodt.com with prize Gratis Whopper
2024-06-07 16:44:12,458 - INFO - Email 1717771451xfeh2y@bajerergodt.com won: Gratis Whopper
2024-06-07 16:44:12,461 - INFO - Waiting for 60 seconds before sending request
2024-06-07 16:45:12,461 - INFO - Starting a new session...
2024-06-07 16:45:19,290 - INFO - Game finished successfully for 1717771518o6r6iu@bajerergodt.com with prize Gratis Whopper
2024-06-07 16:45:19,291 - INFO - Email 1717771518o6r6iu@bajerergodt.com won: Gratis Whopper
2024-06-07 16:45:19,297 - INFO - Waiting for 152 seconds before sending request
2024-06-07 16:47:51,298 - INFO - Starting a new session...
2024-06-07 16:48:38,960 - INFO - Game finished successfully for 1717771718wtibmx@bajerergodt.com with prize Stor King Fries til 10kr
2024-06-07 16:48:38,960 - INFO - Email 1717771718wtibmx@bajerergodt.com won: Stor King Fries til 10kr
2024-06-07 16:48:38,962 - INFO - Waiting for 165 seconds before sending request
2024-06-07 16:51:23,963 - INFO - Starting a new session...
2024-06-07 16:52:16,904 - INFO - Game finished successfully for 1717771935cbt15b@bajerergodt.com with prize Stor sodavand til 10kr
2024-06-07 16:52:16,904 - INFO - Email 1717771935cbt15b@bajerergodt.com won: Stor sodavand til 10kr
2024-06-07 16:52:16,906 - INFO - Waiting for 175 seconds before sending request
2024-06-07 16:55:11,907 - INFO - Starting a new session...
2024-06-07 16:56:04,691 - INFO - Game finished successfully for 1717772163njczxh@bajerergodt.com with prize None
2024-06-07 16:56:04,691 - INFO - Email 1717772163njczxh@bajerergodt.com did not win.
2024-06-07 16:56:04,693 - INFO - Waiting for 145 seconds before sending request
2024-06-07 16:58:29,694 - INFO - Starting a new session...
2024-06-07 16:59:22,446 - INFO - Game finished successfully for 1717772361ptvovc@bajerergodt.com with prize King Fusion Daim til 15 kr
2024-06-07 16:59:22,447 - INFO - Email 1717772361ptvovc@bajerergodt.com won: King Fusion Daim til 15 kr
2024-06-07 16:59:22,449 - INFO - Waiting for 106 seconds before sending request
2024-06-07 17:01:08,450 - INFO - Starting a new session...
2024-06-07 17:02:27,228 - INFO - Game finished successfully for 1717772545y21mgi@bajerergodt.com with prize None
2024-06-07 17:02:27,228 - INFO - Email 1717772545y21mgi@bajerergodt.com did not win.
2024-06-07 17:02:27,229 - INFO - Waiting for 110 seconds before sending request
2024-06-07 17:04:17,230 - INFO - Starting a new session...
2024-06-07 17:05:30,824 - INFO - Game finished successfully for 17177727297whmvi@bajerergodt.com with prize Stor sodavand til 10kr
2024-06-07 17:05:30,824 - INFO - Email 17177727297whmvi@bajerergodt.com won: Stor sodavand til 10kr
2024-06-07 17:05:30,826 - INFO - Waiting for 102 seconds before sending request
2024-06-07 17:07:12,827 - INFO - Starting a new session...
2024-06-07 17:08:26,367 - INFO - Game finished successfully for 1717772905cizn04@bajerergodt.com with prize None
2024-06-07 17:08:26,367 - INFO - Email 1717772905cizn04@bajerergodt.com did not win.
2024-06-07 17:08:26,369 - INFO - Waiting for 65 seconds before sending request
